TN:
SF:utils\inquiry-logic.js
FN:3,validateNewGroupName
FN:10,(anonymous_1)
FN:16,computeGroupCountsFromFavorites
FN:21,(anonymous_3)
FN:30,(anonymous_4)
FN:38,validateRenameGroupName
FN:45,(anonymous_6)
FN:52,getAvailableTargetGroups
FN:54,(anonymous_8)
FN:58,computeMigrationCount
FN:60,(anonymous_10)
FN:67,migrateGroupItems
FN:70,(anonymous_12)
FNF:13
FNH:13
FNDA:4,validateNewGroupName
FNDA:6,(anonymous_1)
FNDA:2,computeGroupCountsFromFavorites
FNDA:4,(anonymous_3)
FNDA:4,(anonymous_4)
FNDA:5,validateRenameGroupName
FNDA:6,(anonymous_6)
FNDA:2,getAvailableTargetGroups
FNDA:8,(anonymous_8)
FNDA:3,computeMigrationCount
FNDA:5,(anonymous_10)
FNDA:3,migrateGroupItems
FNDA:5,(anonymous_12)
DA:4,4
DA:5,4
DA:6,4
DA:7,1
DA:8,3
DA:9,1
DA:10,6
DA:11,1
DA:13,4
DA:17,2
DA:18,2
DA:19,2
DA:21,2
DA:22,4
DA:23,4
DA:24,4
DA:25,3
DA:29,2
DA:30,2
DA:31,4
DA:32,4
DA:34,2
DA:39,5
DA:40,5
DA:41,5
DA:42,1
DA:43,4
DA:44,1
DA:45,6
DA:46,1
DA:48,5
DA:53,2
DA:54,8
DA:59,3
DA:60,3
DA:61,5
DA:62,5
DA:68,3
DA:69,3
DA:70,3
DA:71,5
DA:72,5
DA:73,3
DA:75,2
DA:78,3
DA:81,1
LF:46
LH:46
BRDA:4,0,0,4
BRDA:4,0,1,1
BRDA:6,1,0,1
BRDA:6,1,1,3
BRDA:8,2,0,1
BRDA:8,2,1,2
BRDA:10,3,0,1
BRDA:10,3,1,1
BRDA:10,4,0,2
BRDA:10,4,1,0
BRDA:10,5,0,6
BRDA:10,5,1,6
BRDA:17,6,0,2
BRDA:17,6,1,0
BRDA:23,7,0,3
BRDA:23,7,1,1
BRDA:23,8,0,4
BRDA:23,8,1,4
BRDA:24,9,0,3
BRDA:24,9,1,1
BRDA:25,10,0,3
BRDA:25,10,1,2
BRDA:32,11,0,1
BRDA:32,11,1,3
BRDA:32,12,0,4
BRDA:32,12,1,4
BRDA:39,13,0,5
BRDA:39,13,1,1
BRDA:41,14,0,1
BRDA:41,14,1,4
BRDA:43,15,0,1
BRDA:43,15,1,3
BRDA:45,16,0,1
BRDA:45,16,1,2
BRDA:45,17,0,3
BRDA:45,17,1,0
BRDA:45,18,0,6
BRDA:45,18,1,6
BRDA:45,18,2,2
BRDA:53,19,0,2
BRDA:53,19,1,0
BRDA:53,20,0,2
BRDA:53,20,1,0
BRDA:54,21,0,8
BRDA:54,21,1,8
BRDA:54,21,2,6
BRDA:59,22,0,3
BRDA:59,22,1,0
BRDA:62,23,0,5
BRDA:62,23,1,5
BRDA:68,24,0,3
BRDA:68,24,1,0
BRDA:72,25,0,3
BRDA:72,25,1,2
BRDA:72,26,0,5
BRDA:72,26,1,5
BRF:56
BRH:49
end_of_record
